<?xml version="1.0" encoding="UTF-8"?>
<coverage generated="1769272807393" clover="3.2.0">
  <project timestamp="1769272807393" name="All files">
    <metrics statements="22" coveredstatements="17" conditionals="6" coveredconditionals="4" methods="10" coveredmethods="6" elements="38" coveredelements="27" complexity="0" loc="22" ncloc="22" packages="1" files="1" classes="1"/>
    <file name="Body.js" path="C:\Users\VIJAY DURGASI\OneDrive\Desktop\React\D Food Delivary app\src\components\Body.js">
      <metrics statements="22" coveredstatements="17" conditionals="6" coveredconditionals="4" methods="10" coveredmethods="6"/>
      <line num="9" count="1" type="stmt"/>
      <line num="10" count="4" type="stmt"/>
      <line num="17" count="4" type="stmt"/>
      <line num="19" count="4" type="stmt"/>
      <line num="21" count="4" type="stmt"/>
      <line num="23" count="4" type="stmt"/>
      <line num="25" count="4" type="stmt"/>
      <line num="26" count="9" type="stmt"/>
      <line num="29" count="4" type="cond" truecount="1" falsecount="1"/>
      <line num="30" count="0" type="stmt"/>
      <line num="33" count="4" type="cond" truecount="2" falsecount="0"/>
      <line num="34" count="1" type="stmt"/>
      <line num="37" count="3" type="stmt"/>
      <line num="47" count="1" type="stmt"/>
      <line num="53" count="1" type="stmt"/>
      <line num="55" count="3" type="stmt"/>
      <line num="59" count="1" type="stmt"/>
      <line num="69" count="0" type="stmt"/>
      <line num="70" count="0" type="stmt"/>
      <line num="72" count="0" type="stmt"/>
      <line num="82" count="0" type="stmt"/>
      <line num="87" count="7" type="stmt"/>
    </file>
  </project>
</coverage>
