{"C:\\Users\\VIJAY DURGASI\\OneDrive\\Desktop\\React\\D Food Delivary app\\Redux\\AppStore.js": {"path":"C:\\Users\\VIJAY DURGASI\\OneDrive\\Desktop\\React\\D Food Delivary app\\Redux\\AppStore.js","statementMap":{"0":{"start":{"line":5,"column":17},"end":{"line":9,"column":2}}},"fnMap":{},"branchMap":{},"s":{"0":1},"f":{},"b":{},"_coverageSchema":"1a1c01bbd47fc00a2c39e90264f33305004495a9","hash":"93b0539d73542b5c1f746f7408b5080e219f57a7"}
,"C:\\Users\\VIJAY DURGASI\\OneDrive\\Desktop\\React\\D Food Delivary app\\Redux\\cartSlice.js": {"path":"C:\\Users\\VIJAY DURGASI\\OneDrive\\Desktop\\React\\D Food Delivary app\\Redux\\cartSlice.js","statementMap":{"0":{"start":{"line":3,"column":18},"end":{"line":30,"column":2}},"1":{"start":{"line":10,"column":28},"end":{"line":10,"column":42}},"2":{"start":{"line":11,"column":31},"end":{"line":15,"column":13}},"3":{"start":{"line":17,"column":12},"end":{"line":17,"column":41}},"4":{"start":{"line":21,"column":12},"end":{"line":23,"column":14}},"5":{"start":{"line":22,"column":26},"end":{"line":22,"column":52}},"6":{"start":{"line":27,"column":12},"end":{"line":27,"column":29}},"7":{"start":{"line":32,"column":50},"end":{"line":32,"column":67}}},"fnMap":{"0":{"name":"(anonymous_0)","decl":{"start":{"line":9,"column":17},"end":{"line":9,"column":18}},"loc":{"start":{"line":9,"column":36},"end":{"line":18,"column":9}},"line":9},"1":{"name":"(anonymous_1)","decl":{"start":{"line":20,"column":20},"end":{"line":20,"column":21}},"loc":{"start":{"line":20,"column":39},"end":{"line":24,"column":9}},"line":20},"2":{"name":"(anonymous_2)","decl":{"start":{"line":22,"column":16},"end":{"line":22,"column":17}},"loc":{"start":{"line":22,"column":26},"end":{"line":22,"column":52}},"line":22},"3":{"name":"(anonymous_3)","decl":{"start":{"line":26,"column":19},"end":{"line":26,"column":20}},"loc":{"start":{"line":26,"column":30},"end":{"line":28,"column":9}},"line":26}},"branchMap":{"0":{"loc":{"start":{"line":13,"column":20},"end":{"line":13,"column":53}},"type":"binary-expr","locations":[{"start":{"line":13,"column":20},"end":{"line":13,"column":30}},{"start":{"line":13,"column":34},"end":{"line":13,"column":53}}],"line":13},"1":{"loc":{"start":{"line":14,"column":26},"end":{"line":14,"column":47}},"type":"binary-expr","locations":[{"start":{"line":14,"column":26},"end":{"line":14,"column":42}},{"start":{"line":14,"column":46},"end":{"line":14,"column":47}}],"line":14}},"s":{"0":1,"1":0,"2":0,"3":0,"4":0,"5":0,"6":0,"7":1},"f":{"0":0,"1":0,"2":0,"3":0},"b":{"0":[0,0],"1":[0,0]},"_coverageSchema":"1a1c01bbd47fc00a2c39e90264f33305004495a9","hash":"4aba863b6e0c4d3e506e0d53e9bf9786d248ed56"}
,"C:\\Users\\VIJAY DURGASI\\OneDrive\\Desktop\\React\\D Food Delivary app\\Utils\\UserContext.js": {"path":"C:\\Users\\VIJAY DURGASI\\OneDrive\\Desktop\\React\\D Food Delivary app\\Utils\\UserContext.js","statementMap":{"0":{"start":{"line":3,"column":20},"end":{"line":5,"column":2}}},"fnMap":{},"branchMap":{},"s":{"0":3},"f":{},"b":{},"_coverageSchema":"1a1c01bbd47fc00a2c39e90264f33305004495a9","hash":"ab2b7adc0a74efd15091c864af567d5ac04df6d6"}
,"C:\\Users\\VIJAY DURGASI\\OneDrive\\Desktop\\React\\D Food Delivary app\\Utils\\constant.js": {"path":"C:\\Users\\VIJAY DURGASI\\OneDrive\\Desktop\\React\\D Food Delivary app\\Utils\\constant.js","statementMap":{"0":{"start":{"line":1,"column":23},"end":{"line":1,"column":119}},"1":{"start":{"line":3,"column":24},"end":{"line":3,"column":204}},"2":{"start":{"line":5,"column":30},"end":{"line":5,"column":98}},"3":{"start":{"line":7,"column":24},"end":{"line":7,"column":130}}},"fnMap":{},"branchMap":{},"s":{"0":3,"1":3,"2":3,"3":3},"f":{},"b":{},"_coverageSchema":"1a1c01bbd47fc00a2c39e90264f33305004495a9","hash":"ffa653070c55cb2a42494e656555003df4e3f4e9"}
,"C:\\Users\\VIJAY DURGASI\\OneDrive\\Desktop\\React\\D Food Delivary app\\Utils\\useOnlineStatus.js": {"path":"C:\\Users\\VIJAY DURGASI\\OneDrive\\Desktop\\React\\D Food Delivary app\\Utils\\useOnlineStatus.js","statementMap":{"0":{"start":{"line":3,"column":24},"end":{"line":20,"column":1}},"1":{"start":{"line":4,"column":44},"end":{"line":4,"column":70}},"2":{"start":{"line":6,"column":4},"end":{"line":17,"column":11}},"3":{"start":{"line":7,"column":29},"end":{"line":7,"column":56}},"4":{"start":{"line":7,"column":35},"end":{"line":7,"column":56}},"5":{"start":{"line":8,"column":30},"end":{"line":8,"column":58}},"6":{"start":{"line":8,"column":36},"end":{"line":8,"column":58}},"7":{"start":{"line":10,"column":8},"end":{"line":10,"column":56}},"8":{"start":{"line":11,"column":8},"end":{"line":11,"column":58}},"9":{"start":{"line":13,"column":8},"end":{"line":16,"column":10}},"10":{"start":{"line":14,"column":12},"end":{"line":14,"column":63}},"11":{"start":{"line":15,"column":12},"end":{"line":15,"column":65}},"12":{"start":{"line":19,"column":4},"end":{"line":19,"column":24}}},"fnMap":{"0":{"name":"(anonymous_0)","decl":{"start":{"line":3,"column":24},"end":{"line":3,"column":25}},"loc":{"start":{"line":3,"column":30},"end":{"line":20,"column":1}},"line":3},"1":{"name":"(anonymous_1)","decl":{"start":{"line":6,"column":14},"end":{"line":6,"column":15}},"loc":{"start":{"line":6,"column":20},"end":{"line":17,"column":5}},"line":6},"2":{"name":"(anonymous_2)","decl":{"start":{"line":7,"column":29},"end":{"line":7,"column":30}},"loc":{"start":{"line":7,"column":35},"end":{"line":7,"column":56}},"line":7},"3":{"name":"(anonymous_3)","decl":{"start":{"line":8,"column":30},"end":{"line":8,"column":31}},"loc":{"start":{"line":8,"column":36},"end":{"line":8,"column":58}},"line":8},"4":{"name":"(anonymous_4)","decl":{"start":{"line":13,"column":15},"end":{"line":13,"column":16}},"loc":{"start":{"line":13,"column":21},"end":{"line":16,"column":9}},"line":13}},"branchMap":{},"s":{"0":2,"1":10,"2":10,"3":6,"4":0,"5":6,"6":0,"7":6,"8":6,"9":6,"10":6,"11":6,"12":10},"f":{"0":10,"1":6,"2":0,"3":0,"4":6},"b":{},"_coverageSchema":"1a1c01bbd47fc00a2c39e90264f33305004495a9","hash":"305ef2bcc9f6c1fd56b670ee046e87794ffca79b"}
,"C:\\Users\\VIJAY DURGASI\\OneDrive\\Desktop\\React\\D Food Delivary app\\Utils\\useRestaurantApi.js": {"path":"C:\\Users\\VIJAY DURGASI\\OneDrive\\Desktop\\React\\D Food Delivary app\\Utils\\useRestaurantApi.js","statementMap":{"0":{"start":{"line":3,"column":25},"end":{"line":44,"column":1}},"1":{"start":{"line":4,"column":54},"end":{"line":4,"column":66}},"2":{"start":{"line":5,"column":56},"end":{"line":5,"column":68}},"3":{"start":{"line":6,"column":34},"end":{"line":6,"column":48}},"4":{"start":{"line":8,"column":4},"end":{"line":10,"column":11}},"5":{"start":{"line":9,"column":8},"end":{"line":9,"column":20}},"6":{"start":{"line":12,"column":22},"end":{"line":36,"column":5}},"7":{"start":{"line":13,"column":20},"end":{"line":15,"column":9}},"8":{"start":{"line":17,"column":21},"end":{"line":17,"column":37}},"9":{"start":{"line":20,"column":12},"end":{"line":25,"column":39}},"10":{"start":{"line":22,"column":27},"end":{"line":22,"column":82}},"11":{"start":{"line":27,"column":34},"end":{"line":31,"column":9}},"12":{"start":{"line":29,"column":41},"end":{"line":29,"column":59}},"13":{"start":{"line":33,"column":8},"end":{"line":33,"column":48}},"14":{"start":{"line":34,"column":8},"end":{"line":34,"column":49}},"15":{"start":{"line":35,"column":8},"end":{"line":35,"column":26}},"16":{"start":{"line":38,"column":4},"end":{"line":43,"column":6}}},"fnMap":{"0":{"name":"(anonymous_0)","decl":{"start":{"line":3,"column":25},"end":{"line":3,"column":26}},"loc":{"start":{"line":3,"column":31},"end":{"line":44,"column":1}},"line":3},"1":{"name":"(anonymous_1)","decl":{"start":{"line":8,"column":14},"end":{"line":8,"column":15}},"loc":{"start":{"line":8,"column":20},"end":{"line":10,"column":5}},"line":8},"2":{"name":"(anonymous_2)","decl":{"start":{"line":12,"column":22},"end":{"line":12,"column":23}},"loc":{"start":{"line":12,"column":34},"end":{"line":36,"column":5}},"line":12},"3":{"name":"(anonymous_3)","decl":{"start":{"line":22,"column":20},"end":{"line":22,"column":21}},"loc":{"start":{"line":22,"column":27},"end":{"line":22,"column":82}},"line":22},"4":{"name":"(anonymous_4)","decl":{"start":{"line":29,"column":32},"end":{"line":29,"column":33}},"loc":{"start":{"line":29,"column":41},"end":{"line":29,"column":59}},"line":29}},"branchMap":{"0":{"loc":{"start":{"line":20,"column":12},"end":{"line":25,"column":39}},"type":"binary-expr","locations":[{"start":{"line":20,"column":12},"end":{"line":25,"column":33}},{"start":{"line":25,"column":37},"end":{"line":25,"column":39}}],"line":20}},"s":{"0":1,"1":4,"2":4,"3":4,"4":4,"5":1,"6":4,"7":1,"8":1,"9":1,"10":1,"11":1,"12":3,"13":1,"14":1,"15":1,"16":4},"f":{"0":4,"1":1,"2":1,"3":1,"4":3},"b":{"0":[1,0]},"_coverageSchema":"1a1c01bbd47fc00a2c39e90264f33305004495a9","hash":"5401c879a412eb12d30773f38d8231e8d6236237"}
,"C:\\Users\\VIJAY DURGASI\\OneDrive\\Desktop\\React\\D Food Delivary app\\src\\components\\About.js": {"path":"C:\\Users\\VIJAY DURGASI\\OneDrive\\Desktop\\React\\D Food Delivary app\\src\\components\\About.js","statementMap":{"0":{"start":{"line":3,"column":14},"end":{"line":66,"column":1}},"1":{"start":{"line":4,"column":2},"end":{"line":65,"column":4}}},"fnMap":{"0":{"name":"(anonymous_0)","decl":{"start":{"line":3,"column":14},"end":{"line":3,"column":15}},"loc":{"start":{"line":3,"column":20},"end":{"line":66,"column":1}},"line":3}},"branchMap":{},"s":{"0":1,"1":1},"f":{"0":1},"b":{},"_coverageSchema":"1a1c01bbd47fc00a2c39e90264f33305004495a9","hash":"e978ad2bbfffc6bd0139b8149da7e5c08312e7c2"}
,"C:\\Users\\VIJAY DURGASI\\OneDrive\\Desktop\\React\\D Food Delivary app\\src\\components\\Body.js": {"path":"C:\\Users\\VIJAY DURGASI\\OneDrive\\Desktop\\React\\D Food Delivary app\\src\\components\\Body.js","statementMap":{"0":{"start":{"line":9,"column":13},"end":{"line":102,"column":1}},"1":{"start":{"line":10,"column":38},"end":{"line":10,"column":50}},"2":{"start":{"line":17,"column":6},"end":{"line":17,"column":24}},"3":{"start":{"line":19,"column":23},"end":{"line":19,"column":40}},"4":{"start":{"line":21,"column":44},"end":{"line":21,"column":59}},"5":{"start":{"line":23,"column":33},"end":{"line":23,"column":66}},"6":{"start":{"line":25,"column":31},"end":{"line":27,"column":3}},"7":{"start":{"line":26,"column":13},"end":{"line":26,"column":37}},"8":{"start":{"line":29,"column":2},"end":{"line":31,"column":3}},"9":{"start":{"line":30,"column":4},"end":{"line":30,"column":77}},"10":{"start":{"line":33,"column":2},"end":{"line":35,"column":3}},"11":{"start":{"line":34,"column":4},"end":{"line":34,"column":23}},"12":{"start":{"line":37,"column":2},"end":{"line":101,"column":4}},"13":{"start":{"line":47,"column":29},"end":{"line":47,"column":58}},"14":{"start":{"line":53,"column":31},"end":{"line":58,"column":15}},"15":{"start":{"line":55,"column":18},"end":{"line":57,"column":55}},"16":{"start":{"line":59,"column":14},"end":{"line":59,"column":46}},"17":{"start":{"line":69,"column":29},"end":{"line":71,"column":13}},"18":{"start":{"line":70,"column":23},"end":{"line":70,"column":49}},"19":{"start":{"line":72,"column":12},"end":{"line":72,"column":44}},"20":{"start":{"line":82,"column":24},"end":{"line":82,"column":57}},"21":{"start":{"line":82,"column":51},"end":{"line":82,"column":56}},"22":{"start":{"line":87,"column":10},"end":{"line":97,"column":17}}},"fnMap":{"0":{"name":"(anonymous_0)","decl":{"start":{"line":9,"column":13},"end":{"line":9,"column":14}},"loc":{"start":{"line":9,"column":19},"end":{"line":102,"column":1}},"line":9},"1":{"name":"(anonymous_1)","decl":{"start":{"line":26,"column":4},"end":{"line":26,"column":5}},"loc":{"start":{"line":26,"column":13},"end":{"line":26,"column":37}},"line":26},"2":{"name":"(anonymous_2)","decl":{"start":{"line":47,"column":22},"end":{"line":47,"column":23}},"loc":{"start":{"line":47,"column":29},"end":{"line":47,"column":58}},"line":47},"3":{"name":"(anonymous_3)","decl":{"start":{"line":52,"column":21},"end":{"line":52,"column":22}},"loc":{"start":{"line":52,"column":27},"end":{"line":60,"column":13}},"line":52},"4":{"name":"(anonymous_4)","decl":{"start":{"line":54,"column":16},"end":{"line":54,"column":17}},"loc":{"start":{"line":55,"column":18},"end":{"line":57,"column":55}},"line":55},"5":{"name":"(anonymous_5)","decl":{"start":{"line":68,"column":19},"end":{"line":68,"column":20}},"loc":{"start":{"line":68,"column":25},"end":{"line":73,"column":11}},"line":68},"6":{"name":"(anonymous_6)","decl":{"start":{"line":70,"column":14},"end":{"line":70,"column":15}},"loc":{"start":{"line":70,"column":23},"end":{"line":70,"column":49}},"line":70},"7":{"name":"(anonymous_7)","decl":{"start":{"line":82,"column":18},"end":{"line":82,"column":19}},"loc":{"start":{"line":82,"column":24},"end":{"line":82,"column":57}},"line":82},"8":{"name":"(anonymous_8)","decl":{"start":{"line":82,"column":41},"end":{"line":82,"column":42}},"loc":{"start":{"line":82,"column":51},"end":{"line":82,"column":56}},"line":82},"9":{"name":"(anonymous_9)","decl":{"start":{"line":86,"column":32},"end":{"line":86,"column":33}},"loc":{"start":{"line":87,"column":10},"end":{"line":97,"column":17}},"line":87}},"branchMap":{"0":{"loc":{"start":{"line":29,"column":2},"end":{"line":31,"column":3}},"type":"if","locations":[{"start":{"line":29,"column":2},"end":{"line":31,"column":3}},{"start":{},"end":{}}],"line":29},"1":{"loc":{"start":{"line":33,"column":2},"end":{"line":35,"column":3}},"type":"if","locations":[{"start":{"line":33,"column":2},"end":{"line":35,"column":3}},{"start":{},"end":{}}],"line":33},"2":{"loc":{"start":{"line":92,"column":13},"end":{"line":96,"column":13}},"type":"cond-expr","locations":[{"start":{"line":93,"column":14},"end":{"line":93,"column":61}},{"start":{"line":95,"column":14},"end":{"line":95,"column":53}}],"line":92}},"s":{"0":1,"1":4,"2":4,"3":4,"4":4,"5":4,"6":4,"7":9,"8":4,"9":0,"10":4,"11":1,"12":3,"13":1,"14":1,"15":3,"16":1,"17":0,"18":0,"19":0,"20":0,"21":0,"22":7},"f":{"0":4,"1":9,"2":1,"3":1,"4":3,"5":0,"6":0,"7":0,"8":0,"9":7},"b":{"0":[0,4],"1":[1,3],"2":[0,7]},"_coverageSchema":"1a1c01bbd47fc00a2c39e90264f33305004495a9","hash":"e7b624a84ee57e9cabbe9c6e788aecbd645da3f5"}
,"C:\\Users\\VIJAY DURGASI\\OneDrive\\Desktop\\React\\D Food Delivary app\\src\\components\\Contact.js": {"path":"C:\\Users\\VIJAY DURGASI\\OneDrive\\Desktop\\React\\D Food Delivary app\\src\\components\\Contact.js","statementMap":{"0":{"start":{"line":3,"column":16},"end":{"line":88,"column":1}},"1":{"start":{"line":4,"column":26},"end":{"line":4,"column":38}},"2":{"start":{"line":5,"column":28},"end":{"line":5,"column":40}},"3":{"start":{"line":6,"column":32},"end":{"line":6,"column":44}},"4":{"start":{"line":7,"column":40},"end":{"line":7,"column":55}},"5":{"start":{"line":9,"column":23},"end":{"line":17,"column":3}},"6":{"start":{"line":10,"column":4},"end":{"line":10,"column":23}},"7":{"start":{"line":11,"column":4},"end":{"line":11,"column":16}},"8":{"start":{"line":12,"column":4},"end":{"line":12,"column":17}},"9":{"start":{"line":13,"column":4},"end":{"line":13,"column":19}},"10":{"start":{"line":14,"column":4},"end":{"line":14,"column":25}},"11":{"start":{"line":16,"column":4},"end":{"line":16,"column":50}},"12":{"start":{"line":16,"column":21},"end":{"line":16,"column":42}},"13":{"start":{"line":19,"column":2},"end":{"line":87,"column":4}},"14":{"start":{"line":55,"column":27},"end":{"line":55,"column":50}},"15":{"start":{"line":63,"column":27},"end":{"line":63,"column":51}},"16":{"start":{"line":70,"column":27},"end":{"line":70,"column":53}}},"fnMap":{"0":{"name":"(anonymous_0)","decl":{"start":{"line":3,"column":16},"end":{"line":3,"column":17}},"loc":{"start":{"line":3,"column":22},"end":{"line":88,"column":1}},"line":3},"1":{"name":"(anonymous_1)","decl":{"start":{"line":9,"column":23},"end":{"line":9,"column":24}},"loc":{"start":{"line":9,"column":30},"end":{"line":17,"column":3}},"line":9},"2":{"name":"(anonymous_2)","decl":{"start":{"line":16,"column":15},"end":{"line":16,"column":16}},"loc":{"start":{"line":16,"column":21},"end":{"line":16,"column":42}},"line":16},"3":{"name":"(anonymous_3)","decl":{"start":{"line":55,"column":20},"end":{"line":55,"column":21}},"loc":{"start":{"line":55,"column":27},"end":{"line":55,"column":50}},"line":55},"4":{"name":"(anonymous_4)","decl":{"start":{"line":63,"column":20},"end":{"line":63,"column":21}},"loc":{"start":{"line":63,"column":27},"end":{"line":63,"column":51}},"line":63},"5":{"name":"(anonymous_5)","decl":{"start":{"line":70,"column":20},"end":{"line":70,"column":21}},"loc":{"start":{"line":70,"column":27},"end":{"line":70,"column":53}},"line":70}},"branchMap":{"0":{"loc":{"start":{"line":80,"column":9},"end":{"line":84,"column":9}},"type":"binary-expr","locations":[{"start":{"line":80,"column":9},"end":{"line":80,"column":20}},{"start":{"line":81,"column":10},"end":{"line":83,"column":14}}],"line":80}},"s":{"0":2,"1":5,"2":5,"3":5,"4":5,"5":5,"6":0,"7":0,"8":0,"9":0,"10":0,"11":0,"12":0,"13":5,"14":0,"15":0,"16":0},"f":{"0":5,"1":0,"2":0,"3":0,"4":0,"5":0},"b":{"0":[5,0]},"_coverageSchema":"1a1c01bbd47fc00a2c39e90264f33305004495a9","hash":"78930f51e4a3a7d8eaa245659c4cf1df42f4ca4f"}
,"C:\\Users\\VIJAY DURGASI\\OneDrive\\Desktop\\React\\D Food Delivary app\\src\\components\\Header.js": {"path":"C:\\Users\\VIJAY DURGASI\\OneDrive\\Desktop\\React\\D Food Delivary app\\src\\components\\Header.js","statementMap":{"0":{"start":{"line":8,"column":15},"end":{"line":70,"column":1}},"1":{"start":{"line":10,"column":38},"end":{"line":10,"column":55}},"2":{"start":{"line":12,"column":25},"end":{"line":12,"column":42}},"3":{"start":{"line":14,"column":29},"end":{"line":14,"column":52}},"4":{"start":{"line":17,"column":22},"end":{"line":17,"column":62}},"5":{"start":{"line":17,"column":45},"end":{"line":17,"column":61}},"6":{"start":{"line":19,"column":23},"end":{"line":19,"column":85}},"7":{"start":{"line":19,"column":55},"end":{"line":19,"column":81}},"8":{"start":{"line":21,"column":4},"end":{"line":69,"column":5}},"9":{"start":{"line":60,"column":24},"end":{"line":60,"column":95}}},"fnMap":{"0":{"name":"(anonymous_0)","decl":{"start":{"line":8,"column":15},"end":{"line":8,"column":16}},"loc":{"start":{"line":8,"column":21},"end":{"line":70,"column":1}},"line":8},"1":{"name":"(anonymous_1)","decl":{"start":{"line":17,"column":34},"end":{"line":17,"column":35}},"loc":{"start":{"line":17,"column":45},"end":{"line":17,"column":61}},"line":17},"2":{"name":"(anonymous_2)","decl":{"start":{"line":19,"column":40},"end":{"line":19,"column":41}},"loc":{"start":{"line":19,"column":55},"end":{"line":19,"column":81}},"line":19},"3":{"name":"(anonymous_3)","decl":{"start":{"line":59,"column":165},"end":{"line":59,"column":166}},"loc":{"start":{"line":59,"column":171},"end":{"line":61,"column":21}},"line":59}},"branchMap":{"0":{"loc":{"start":{"line":19,"column":62},"end":{"line":19,"column":80}},"type":"binary-expr","locations":[{"start":{"line":19,"column":62},"end":{"line":19,"column":75}},{"start":{"line":19,"column":79},"end":{"line":19,"column":80}}],"line":19},"1":{"loc":{"start":{"line":34,"column":42},"end":{"line":34,"column":68}},"type":"cond-expr","locations":[{"start":{"line":34,"column":57},"end":{"line":34,"column":61}},{"start":{"line":34,"column":64},"end":{"line":34,"column":68}}],"line":34},"2":{"loc":{"start":{"line":60,"column":24},"end":{"line":60,"column":94}},"type":"cond-expr","locations":[{"start":{"line":60,"column":48},"end":{"line":60,"column":70}},{"start":{"line":60,"column":73},"end":{"line":60,"column":94}}],"line":60}},"s":{"0":1,"1":6,"2":6,"3":6,"4":6,"5":11,"6":6,"7":0,"8":6,"9":1},"f":{"0":6,"1":11,"2":0,"3":1},"b":{"0":[0,0],"1":[6,0],"2":[1,0]},"_coverageSchema":"1a1c01bbd47fc00a2c39e90264f33305004495a9","hash":"bd737e1bf3242ec2ffd18262cccf4f79b94ed9fe"}
,"C:\\Users\\VIJAY DURGASI\\OneDrive\\Desktop\\React\\D Food Delivary app\\src\\components\\Recommend.js": {"path":"C:\\Users\\VIJAY DURGASI\\OneDrive\\Desktop\\React\\D Food Delivary app\\src\\components\\Recommend.js","statementMap":{"0":{"start":{"line":5,"column":18},"end":{"line":49,"column":1}},"1":{"start":{"line":6,"column":22},"end":{"line":6,"column":34}},"2":{"start":{"line":8,"column":4},"end":{"line":8,"column":69}},"3":{"start":{"line":8,"column":50},"end":{"line":8,"column":69}},"4":{"start":{"line":10,"column":4},"end":{"line":48,"column":6}},"5":{"start":{"line":38,"column":24},"end":{"line":43,"column":30}}},"fnMap":{"0":{"name":"(anonymous_0)","decl":{"start":{"line":5,"column":18},"end":{"line":5,"column":19}},"loc":{"start":{"line":5,"column":55},"end":{"line":49,"column":1}},"line":5},"1":{"name":"(anonymous_1)","decl":{"start":{"line":37,"column":37},"end":{"line":37,"column":38}},"loc":{"start":{"line":38,"column":24},"end":{"line":43,"column":30}},"line":38}},"branchMap":{"0":{"loc":{"start":{"line":8,"column":4},"end":{"line":8,"column":69}},"type":"if","locations":[{"start":{"line":8,"column":4},"end":{"line":8,"column":69}},{"start":{},"end":{}}],"line":8},"1":{"loc":{"start":{"line":8,"column":8},"end":{"line":8,"column":48}},"type":"binary-expr","locations":[{"start":{"line":8,"column":8},"end":{"line":8,"column":20}},{"start":{"line":8,"column":24},"end":{"line":8,"column":48}}],"line":8},"2":{"loc":{"start":{"line":21,"column":72},"end":{"line":21,"column":104}},"type":"cond-expr","locations":[{"start":{"line":21,"column":79},"end":{"line":21,"column":91}},{"start":{"line":21,"column":94},"end":{"line":21,"column":104}}],"line":21},"3":{"loc":{"start":{"line":30,"column":86},"end":{"line":30,"column":142}},"type":"cond-expr","locations":[{"start":{"line":30,"column":93},"end":{"line":30,"column":120}},{"start":{"line":30,"column":123},"end":{"line":30,"column":142}}],"line":30}},"s":{"0":1,"1":3,"2":3,"3":3,"4":0,"5":0},"f":{"0":3,"1":0},"b":{"0":[3,0],"1":[3,3],"2":[0,0],"3":[0,0]},"_coverageSchema":"1a1c01bbd47fc00a2c39e90264f33305004495a9","hash":"eba6c96e9aaa82023933e4cc203f4a84fcd1075d"}
,"C:\\Users\\VIJAY DURGASI\\OneDrive\\Desktop\\React\\D Food Delivary app\\src\\components\\RestaurantCard.js": {"path":"C:\\Users\\VIJAY DURGASI\\OneDrive\\Desktop\\React\\D Food Delivary app\\src\\components\\RestaurantCard.js","statementMap":{"0":{"start":{"line":5,"column":30},"end":{"line":45,"column":1}},"1":{"start":{"line":7,"column":29},"end":{"line":7,"column":52}},"2":{"start":{"line":16,"column":8},"end":{"line":16,"column":27}},"3":{"start":{"line":18,"column":4},"end":{"line":44,"column":5}},"4":{"start":{"line":28,"column":20},"end":{"line":28,"column":51}},"5":{"start":{"line":29,"column":20},"end":{"line":29,"column":57}},"6":{"start":{"line":47,"column":33},"end":{"line":57,"column":1}},"7":{"start":{"line":48,"column":4},"end":{"line":56,"column":6}},"8":{"start":{"line":49,"column":8},"end":{"line":55,"column":10}}},"fnMap":{"0":{"name":"(anonymous_0)","decl":{"start":{"line":5,"column":30},"end":{"line":5,"column":31}},"loc":{"start":{"line":5,"column":47},"end":{"line":45,"column":1}},"line":5},"1":{"name":"(anonymous_1)","decl":{"start":{"line":27,"column":25},"end":{"line":27,"column":26}},"loc":{"start":{"line":27,"column":32},"end":{"line":30,"column":17}},"line":27},"2":{"name":"(anonymous_2)","decl":{"start":{"line":47,"column":33},"end":{"line":47,"column":34}},"loc":{"start":{"line":47,"column":53},"end":{"line":57,"column":1}},"line":47},"3":{"name":"(anonymous_3)","decl":{"start":{"line":48,"column":11},"end":{"line":48,"column":12}},"loc":{"start":{"line":48,"column":24},"end":{"line":56,"column":5}},"line":48}},"branchMap":{"0":{"loc":{"start":{"line":12,"column":8},"end":{"line":12,"column":21}},"type":"default-arg","locations":[{"start":{"line":12,"column":19},"end":{"line":12,"column":21}}],"line":12},"1":{"loc":{"start":{"line":16,"column":8},"end":{"line":16,"column":27}},"type":"binary-expr","locations":[{"start":{"line":16,"column":8},"end":{"line":16,"column":21}},{"start":{"line":16,"column":25},"end":{"line":16,"column":27}}],"line":16},"2":{"loc":{"start":{"line":34,"column":87},"end":{"line":34,"column":101}},"type":"binary-expr","locations":[{"start":{"line":34,"column":87},"end":{"line":34,"column":95}},{"start":{"line":34,"column":99},"end":{"line":34,"column":101}}],"line":34},"3":{"loc":{"start":{"line":40,"column":57},"end":{"line":40,"column":82}},"type":"binary-expr","locations":[{"start":{"line":40,"column":57},"end":{"line":40,"column":74}},{"start":{"line":40,"column":78},"end":{"line":40,"column":82}}],"line":40}},"s":{"0":2,"1":8,"2":8,"3":8,"4":0,"5":0,"6":2,"7":4,"8":0},"f":{"0":8,"1":0,"2":4,"3":0},"b":{"0":[7],"1":[8,0],"2":[8,0],"3":[8,8]},"_coverageSchema":"1a1c01bbd47fc00a2c39e90264f33305004495a9","hash":"d10c159ad124f253de70621c4618136c93490a14"}
,"C:\\Users\\VIJAY DURGASI\\OneDrive\\Desktop\\React\\D Food Delivary app\\src\\components\\User.js": {"path":"C:\\Users\\VIJAY DURGASI\\OneDrive\\Desktop\\React\\D Food Delivary app\\src\\components\\User.js","statementMap":{"0":{"start":{"line":2,"column":13},"end":{"line":11,"column":1}},"1":{"start":{"line":4,"column":4},"end":{"line":10,"column":5}}},"fnMap":{"0":{"name":"(anonymous_0)","decl":{"start":{"line":2,"column":13},"end":{"line":2,"column":14}},"loc":{"start":{"line":2,"column":19},"end":{"line":11,"column":1}},"line":2}},"branchMap":{},"s":{"0":1,"1":1},"f":{"0":1},"b":{},"_coverageSchema":"1a1c01bbd47fc00a2c39e90264f33305004495a9","hash":"da9ade21caa86f30aae23d84009ca5567b899580"}
,"C:\\Users\\VIJAY DURGASI\\OneDrive\\Desktop\\React\\D Food Delivary app\\src\\components\\shimmer.js": {"path":"C:\\Users\\VIJAY DURGASI\\OneDrive\\Desktop\\React\\D Food Delivary app\\src\\components\\shimmer.js","statementMap":{"0":{"start":{"line":1,"column":16},"end":{"line":25,"column":1}},"1":{"start":{"line":2,"column":4},"end":{"line":24,"column":6}},"2":{"start":{"line":7,"column":20},"end":{"line":21,"column":26}}},"fnMap":{"0":{"name":"(anonymous_0)","decl":{"start":{"line":1,"column":16},"end":{"line":1,"column":17}},"loc":{"start":{"line":1,"column":22},"end":{"line":25,"column":1}},"line":1},"1":{"name":"(anonymous_1)","decl":{"start":{"line":6,"column":21},"end":{"line":6,"column":22}},"loc":{"start":{"line":7,"column":20},"end":{"line":21,"column":26}},"line":7}},"branchMap":{},"s":{"0":1,"1":4,"2":48},"f":{"0":4,"1":48},"b":{},"_coverageSchema":"1a1c01bbd47fc00a2c39e90264f33305004495a9","hash":"66329fc180f3542b9f826696609f859e64bef128"}
}
