{"C:\\Users\\VIJAY DURGASI\\OneDrive\\Desktop\\React\\D Food Delivary app\\src\\components\\Body.js": {"path":"C:\\Users\\VIJAY DURGASI\\OneDrive\\Desktop\\React\\D Food Delivary app\\src\\components\\Body.js","statementMap":{"0":{"start":{"line":9,"column":13},"end":{"line":102,"column":1}},"1":{"start":{"line":10,"column":38},"end":{"line":10,"column":50}},"2":{"start":{"line":17,"column":6},"end":{"line":17,"column":24}},"3":{"start":{"line":19,"column":23},"end":{"line":19,"column":40}},"4":{"start":{"line":21,"column":44},"end":{"line":21,"column":59}},"5":{"start":{"line":23,"column":33},"end":{"line":23,"column":66}},"6":{"start":{"line":25,"column":31},"end":{"line":27,"column":3}},"7":{"start":{"line":26,"column":13},"end":{"line":26,"column":37}},"8":{"start":{"line":29,"column":2},"end":{"line":31,"column":3}},"9":{"start":{"line":30,"column":4},"end":{"line":30,"column":77}},"10":{"start":{"line":33,"column":2},"end":{"line":35,"column":3}},"11":{"start":{"line":34,"column":4},"end":{"line":34,"column":23}},"12":{"start":{"line":37,"column":2},"end":{"line":101,"column":4}},"13":{"start":{"line":47,"column":29},"end":{"line":47,"column":58}},"14":{"start":{"line":53,"column":31},"end":{"line":58,"column":15}},"15":{"start":{"line":55,"column":18},"end":{"line":57,"column":55}},"16":{"start":{"line":59,"column":14},"end":{"line":59,"column":46}},"17":{"start":{"line":69,"column":29},"end":{"line":71,"column":13}},"18":{"start":{"line":70,"column":23},"end":{"line":70,"column":49}},"19":{"start":{"line":72,"column":12},"end":{"line":72,"column":44}},"20":{"start":{"line":82,"column":24},"end":{"line":82,"column":57}},"21":{"start":{"line":82,"column":51},"end":{"line":82,"column":56}},"22":{"start":{"line":87,"column":10},"end":{"line":97,"column":17}}},"fnMap":{"0":{"name":"(anonymous_0)","decl":{"start":{"line":9,"column":13},"end":{"line":9,"column":14}},"loc":{"start":{"line":9,"column":19},"end":{"line":102,"column":1}},"line":9},"1":{"name":"(anonymous_1)","decl":{"start":{"line":26,"column":4},"end":{"line":26,"column":5}},"loc":{"start":{"line":26,"column":13},"end":{"line":26,"column":37}},"line":26},"2":{"name":"(anonymous_2)","decl":{"start":{"line":47,"column":22},"end":{"line":47,"column":23}},"loc":{"start":{"line":47,"column":29},"end":{"line":47,"column":58}},"line":47},"3":{"name":"(anonymous_3)","decl":{"start":{"line":52,"column":21},"end":{"line":52,"column":22}},"loc":{"start":{"line":52,"column":27},"end":{"line":60,"column":13}},"line":52},"4":{"name":"(anonymous_4)","decl":{"start":{"line":54,"column":16},"end":{"line":54,"column":17}},"loc":{"start":{"line":55,"column":18},"end":{"line":57,"column":55}},"line":55},"5":{"name":"(anonymous_5)","decl":{"start":{"line":68,"column":19},"end":{"line":68,"column":20}},"loc":{"start":{"line":68,"column":25},"end":{"line":73,"column":11}},"line":68},"6":{"name":"(anonymous_6)","decl":{"start":{"line":70,"column":14},"end":{"line":70,"column":15}},"loc":{"start":{"line":70,"column":23},"end":{"line":70,"column":49}},"line":70},"7":{"name":"(anonymous_7)","decl":{"start":{"line":82,"column":18},"end":{"line":82,"column":19}},"loc":{"start":{"line":82,"column":24},"end":{"line":82,"column":57}},"line":82},"8":{"name":"(anonymous_8)","decl":{"start":{"line":82,"column":41},"end":{"line":82,"column":42}},"loc":{"start":{"line":82,"column":51},"end":{"line":82,"column":56}},"line":82},"9":{"name":"(anonymous_9)","decl":{"start":{"line":86,"column":32},"end":{"line":86,"column":33}},"loc":{"start":{"line":87,"column":10},"end":{"line":97,"column":17}},"line":87}},"branchMap":{"0":{"loc":{"start":{"line":29,"column":2},"end":{"line":31,"column":3}},"type":"if","locations":[{"start":{"line":29,"column":2},"end":{"line":31,"column":3}},{"start":{},"end":{}}],"line":29},"1":{"loc":{"start":{"line":33,"column":2},"end":{"line":35,"column":3}},"type":"if","locations":[{"start":{"line":33,"column":2},"end":{"line":35,"column":3}},{"start":{},"end":{}}],"line":33},"2":{"loc":{"start":{"line":92,"column":13},"end":{"line":96,"column":13}},"type":"cond-expr","locations":[{"start":{"line":93,"column":14},"end":{"line":93,"column":61}},{"start":{"line":95,"column":14},"end":{"line":95,"column":53}}],"line":92}},"s":{"0":1,"1":4,"2":4,"3":4,"4":4,"5":4,"6":4,"7":9,"8":4,"9":0,"10":4,"11":1,"12":3,"13":1,"14":1,"15":3,"16":1,"17":0,"18":0,"19":0,"20":0,"21":0,"22":7},"f":{"0":4,"1":9,"2":1,"3":1,"4":3,"5":0,"6":0,"7":0,"8":0,"9":7},"b":{"0":[0,4],"1":[1,3],"2":[0,7]},"_coverageSchema":"1a1c01bbd47fc00a2c39e90264f33305004495a9","hash":"e7b624a84ee57e9cabbe9c6e788aecbd645da3f5"}
}
