TN:
SF:Redux\AppStore.js
FNF:0
FNH:0
DA:5,1
LF:1
LH:1
BRF:0
BRH:0
end_of_record
TN:
SF:Redux\cartSlice.js
FN:9,(anonymous_0)
FN:20,(anonymous_1)
FN:22,(anonymous_2)
FN:26,(anonymous_3)
FNF:4
FNH:0
FNDA:0,(anonymous_0)
FNDA:0,(anonymous_1)
FNDA:0,(anonymous_2)
FNDA:0,(anonymous_3)
DA:3,1
DA:10,0
DA:11,0
DA:17,0
DA:21,0
DA:22,0
DA:27,0
DA:32,1
LF:8
LH:2
BRDA:13,0,0,0
BRDA:13,0,1,0
BRDA:14,1,0,0
BRDA:14,1,1,0
BRF:4
BRH:0
end_of_record
TN:
SF:Utils\UserContext.js
FNF:0
FNH:0
DA:3,3
LF:1
LH:1
BRF:0
BRH:0
end_of_record
TN:
SF:Utils\constant.js
FNF:0
FNH:0
DA:1,3
DA:3,3
DA:5,3
DA:7,3
LF:4
LH:4
BRF:0
BRH:0
end_of_record
TN:
SF:Utils\useOnlineStatus.js
FN:3,(anonymous_0)
FN:6,(anonymous_1)
FN:7,(anonymous_2)
FN:8,(anonymous_3)
FN:13,(anonymous_4)
FNF:5
FNH:3
FNDA:10,(anonymous_0)
FNDA:6,(anonymous_1)
FNDA:0,(anonymous_2)
FNDA:0,(anonymous_3)
FNDA:6,(anonymous_4)
DA:3,2
DA:4,10
DA:6,10
DA:7,6
DA:8,6
DA:10,6
DA:11,6
DA:13,6
DA:14,6
DA:15,6
DA:19,10
LF:11
LH:11
BRF:0
BRH:0
end_of_record
TN:
SF:Utils\useRestaurantApi.js
FN:3,(anonymous_0)
FN:8,(anonymous_1)
FN:12,(anonymous_2)
FN:22,(anonymous_3)
FN:29,(anonymous_4)
FNF:5
FNH:5
FNDA:4,(anonymous_0)
FNDA:1,(anonymous_1)
FNDA:1,(anonymous_2)
FNDA:1,(anonymous_3)
FNDA:3,(anonymous_4)
DA:3,1
DA:4,4
DA:5,4
DA:6,4
DA:8,4
DA:9,1
DA:12,4
DA:13,1
DA:17,1
DA:20,1
DA:22,1
DA:27,1
DA:29,3
DA:33,1
DA:34,1
DA:35,1
DA:38,4
LF:17
LH:17
BRDA:20,0,0,1
BRDA:20,0,1,0
BRF:2
BRH:1
end_of_record
TN:
SF:src\components\About.js
FN:3,(anonymous_0)
FNF:1
FNH:1
FNDA:1,(anonymous_0)
DA:3,1
DA:4,1
LF:2
LH:2
BRF:0
BRH:0
end_of_record
TN:
SF:src\components\Body.js
FN:9,(anonymous_0)
FN:26,(anonymous_1)
FN:47,(anonymous_2)
FN:52,(anonymous_3)
FN:54,(anonymous_4)
FN:68,(anonymous_5)
FN:70,(anonymous_6)
FN:82,(anonymous_7)
FN:82,(anonymous_8)
FN:86,(anonymous_9)
FNF:10
FNH:6
FNDA:4,(anonymous_0)
FNDA:9,(anonymous_1)
FNDA:1,(anonymous_2)
FNDA:1,(anonymous_3)
FNDA:3,(anonymous_4)
FNDA:0,(anonymous_5)
FNDA:0,(anonymous_6)
FNDA:0,(anonymous_7)
FNDA:0,(anonymous_8)
FNDA:7,(anonymous_9)
DA:9,1
DA:10,4
DA:17,4
DA:19,4
DA:21,4
DA:23,4
DA:25,4
DA:26,9
DA:29,4
DA:30,0
DA:33,4
DA:34,1
DA:37,3
DA:47,1
DA:53,1
DA:55,3
DA:59,1
DA:69,0
DA:70,0
DA:72,0
DA:82,0
DA:87,7
LF:22
LH:17
BRDA:29,0,0,0
BRDA:29,0,1,4
BRDA:33,1,0,1
BRDA:33,1,1,3
BRDA:92,2,0,0
BRDA:92,2,1,7
BRF:6
BRH:4
end_of_record
TN:
SF:src\components\Contact.js
FN:3,(anonymous_0)
FN:9,(anonymous_1)
FN:16,(anonymous_2)
FN:55,(anonymous_3)
FN:63,(anonymous_4)
FN:70,(anonymous_5)
FNF:6
FNH:1
FNDA:5,(anonymous_0)
FNDA:0,(anonymous_1)
FNDA:0,(anonymous_2)
FNDA:0,(anonymous_3)
FNDA:0,(anonymous_4)
FNDA:0,(anonymous_5)
DA:3,2
DA:4,5
DA:5,5
DA:6,5
DA:7,5
DA:9,5
DA:10,0
DA:11,0
DA:12,0
DA:13,0
DA:14,0
DA:16,0
DA:19,5
DA:55,0
DA:63,0
DA:70,0
LF:16
LH:7
BRDA:80,0,0,5
BRDA:80,0,1,0
BRF:2
BRH:1
end_of_record
TN:
SF:src\components\Header.js
FN:8,(anonymous_0)
FN:17,(anonymous_1)
FN:19,(anonymous_2)
FN:59,(anonymous_3)
FNF:4
FNH:3
FNDA:6,(anonymous_0)
FNDA:11,(anonymous_1)
FNDA:0,(anonymous_2)
FNDA:1,(anonymous_3)
DA:8,1
DA:10,6
DA:12,6
DA:14,6
DA:17,11
DA:19,6
DA:21,6
DA:60,1
LF:8
LH:8
BRDA:19,0,0,0
BRDA:19,0,1,0
BRDA:34,1,0,6
BRDA:34,1,1,0
BRDA:60,2,0,1
BRDA:60,2,1,0
BRF:6
BRH:2
end_of_record
TN:
SF:src\components\Recommend.js
FN:5,(anonymous_0)
FN:37,(anonymous_1)
FNF:2
FNH:1
FNDA:3,(anonymous_0)
FNDA:0,(anonymous_1)
DA:5,1
DA:6,3
DA:8,3
DA:10,0
DA:38,0
LF:5
LH:3
BRDA:8,0,0,3
BRDA:8,0,1,0
BRDA:8,1,0,3
BRDA:8,1,1,3
BRDA:21,2,0,0
BRDA:21,2,1,0
BRDA:30,3,0,0
BRDA:30,3,1,0
BRF:8
BRH:3
end_of_record
TN:
SF:src\components\RestaurantCard.js
FN:5,(anonymous_0)
FN:27,(anonymous_1)
FN:47,(anonymous_2)
FN:48,(anonymous_3)
FNF:4
FNH:2
FNDA:8,(anonymous_0)
FNDA:0,(anonymous_1)
FNDA:4,(anonymous_2)
FNDA:0,(anonymous_3)
DA:5,2
DA:7,8
DA:16,8
DA:18,8
DA:28,0
DA:29,0
DA:47,2
DA:48,4
DA:49,0
LF:9
LH:6
BRDA:12,0,0,7
BRDA:16,1,0,8
BRDA:16,1,1,0
BRDA:34,2,0,8
BRDA:34,2,1,0
BRDA:40,3,0,8
BRDA:40,3,1,8
BRF:7
BRH:5
end_of_record
TN:
SF:src\components\User.js
FN:2,(anonymous_0)
FNF:1
FNH:1
FNDA:1,(anonymous_0)
DA:2,1
DA:4,1
LF:2
LH:2
BRF:0
BRH:0
end_of_record
TN:
SF:src\components\shimmer.js
FN:1,(anonymous_0)
FN:6,(anonymous_1)
FNF:2
FNH:2
FNDA:4,(anonymous_0)
FNDA:48,(anonymous_1)
DA:1,1
DA:2,4
DA:7,48
LF:3
LH:3
BRF:0
BRH:0
end_of_record
