TN:
SF:Redux\AppStore.js
FNF:0
FNH:0
DA:5,1
LF:1
LH:1
BRF:0
BRH:0
end_of_record
TN:
SF:Redux\cartSlice.js
FN:9,(anonymous_0)
FN:20,(anonymous_1)
FN:22,(anonymous_2)
FN:26,(anonymous_3)
FNF:4
FNH:0
FNDA:0,(anonymous_0)
FNDA:0,(anonymous_1)
FNDA:0,(anonymous_2)
FNDA:0,(anonymous_3)
DA:3,1
DA:10,0
DA:11,0
DA:17,0
DA:21,0
DA:22,0
DA:27,0
DA:32,1
LF:8
LH:2
BRDA:13,0,0,0
BRDA:13,0,1,0
BRDA:14,1,0,0
BRDA:14,1,1,0
BRF:4
BRH:0
end_of_record
TN:
SF:Utils\UserContext.js
FNF:0
FNH:0
DA:3,2
LF:1
LH:1
BRF:0
BRH:0
end_of_record
TN:
SF:Utils\constant.js
FNF:0
FNH:0
DA:1,2
DA:3,2
DA:5,2
DA:7,2
LF:4
LH:4
BRF:0
BRH:0
end_of_record
TN:
SF:Utils\useOnlineStatus.js
FN:3,(anonymous_0)
FN:6,(anonymous_1)
FN:7,(anonymous_2)
FN:8,(anonymous_3)
FN:13,(anonymous_4)
FNF:5
FNH:3
FNDA:6,(anonymous_0)
FNDA:5,(anonymous_1)
FNDA:0,(anonymous_2)
FNDA:0,(anonymous_3)
FNDA:5,(anonymous_4)
DA:3,1
DA:4,6
DA:6,6
DA:7,5
DA:8,5
DA:10,5
DA:11,5
DA:13,5
DA:14,5
DA:15,5
DA:19,6
LF:11
LH:11
BRF:0
BRH:0
end_of_record
TN:
SF:src\components\About.js
FN:3,(anonymous_0)
FNF:1
FNH:1
FNDA:1,(anonymous_0)
DA:3,1
DA:4,1
LF:2
LH:2
BRF:0
BRH:0
end_of_record
TN:
SF:src\components\Contact.js
FN:3,(anonymous_0)
FN:9,(anonymous_1)
FN:16,(anonymous_2)
FN:55,(anonymous_3)
FN:63,(anonymous_4)
FN:70,(anonymous_5)
FNF:6
FNH:1
FNDA:5,(anonymous_0)
FNDA:0,(anonymous_1)
FNDA:0,(anonymous_2)
FNDA:0,(anonymous_3)
FNDA:0,(anonymous_4)
FNDA:0,(anonymous_5)
DA:3,2
DA:4,5
DA:5,5
DA:6,5
DA:7,5
DA:9,5
DA:10,0
DA:11,0
DA:12,0
DA:13,0
DA:14,0
DA:16,0
DA:19,5
DA:55,0
DA:63,0
DA:70,0
LF:16
LH:7
BRDA:80,0,0,5
BRDA:80,0,1,0
BRF:2
BRH:1
end_of_record
TN:
SF:src\components\Header.js
FN:8,(anonymous_0)
FN:17,(anonymous_1)
FN:19,(anonymous_2)
FN:59,(anonymous_3)
FNF:4
FNH:3
FNDA:6,(anonymous_0)
FNDA:11,(anonymous_1)
FNDA:0,(anonymous_2)
FNDA:1,(anonymous_3)
DA:8,1
DA:10,6
DA:12,6
DA:14,6
DA:17,11
DA:19,6
DA:21,6
DA:60,1
LF:8
LH:8
BRDA:19,0,0,0
BRDA:19,0,1,0
BRDA:34,1,0,6
BRDA:34,1,1,0
BRDA:60,2,0,1
BRDA:60,2,1,0
BRF:6
BRH:2
end_of_record
TN:
SF:src\components\RestaurantCard.js
FN:5,(anonymous_0)
FN:27,(anonymous_1)
FN:47,(anonymous_2)
FN:48,(anonymous_3)
FNF:4
FNH:1
FNDA:1,(anonymous_0)
FNDA:0,(anonymous_1)
FNDA:0,(anonymous_2)
FNDA:0,(anonymous_3)
DA:5,1
DA:7,1
DA:16,1
DA:18,1
DA:28,0
DA:29,0
DA:47,1
DA:48,0
DA:49,0
LF:9
LH:5
BRDA:12,0,0,0
BRDA:34,1,0,1
BRDA:34,1,1,0
BRDA:40,2,0,1
BRDA:40,2,1,0
BRF:5
BRH:2
end_of_record
TN:
SF:src\components\User.js
FN:2,(anonymous_0)
FNF:1
FNH:1
FNDA:1,(anonymous_0)
DA:2,1
DA:4,1
LF:2
LH:2
BRF:0
BRH:0
end_of_record
